<?xml version="1.0" encoding="UTF-8"?>
<!-- Generated by org.testng.reporters.JUnitReportReporter -->
<testsuite hostname="LTIN273654" failures="0" tests="6" name="testCases.TestCases" time="67.490" errors="0" timestamp="2024-03-01T11:32:06 IST" skipped="0">
  <testcase classname="testCases.TestCases" name="closeWelcomePopUp" time="23.787"/>
  <system-out/>
  <testcase classname="testCases.TestCases" name="locationInput" time="4.252"/>
  <system-out/>
  <testcase classname="testCases.TestCases" name="searchCarWashService" time="6.055"/>
  <system-out/>
  <testcase classname="testCases.TestCases" name="getCarWashingServiceandPhone" time="11.352"/>
  <system-out/>
  <testcase classname="testCases.TestCases" name="freeListingValidation" time="10.832"/>
  <system-out/>
  <testcase classname="testCases.TestCases" name="getGymSubMenuList" time="11.212"/>
  <system-out/>
</testsuite> <!-- testCases.TestCases -->
